  [4;36;1mSQL (0.1ms)[0m   [0;1mSET NAMES 'utf8'[0m
  [4;35;1mSQL (0.1ms)[0m   [0mSET SQL_AUTO_IS_NULL=0[0m
  [4;36;1mSQL (0.2ms)[0m   [0;1mSHOW TABLES[0m
  [4;35;1mSQL (179.7ms)[0m   [0mCREATE TABLE `schema_migrations` (`version` varchar(255) NOT NULL) ENGINE=InnoDB[0m
  [4;36;1mSQL (14.4ms)[0m   [0;1mSHOW KEYS FROM `schema_migrations`[0m
  [4;35;1mSQL (238.6ms)[0m   [0mCREATE UNIQUE INDEX `unique_schema_migrations` ON `schema_migrations` (`version`)[0m
  [4;36;1mSQL (0.3ms)[0m   [0;1mSHOW TABLES[0m
  [4;35;1mSQL (0.2ms)[0m   [0mSELECT version FROM schema_migrations[0m
Migrating to CreateUsers (20130806200013)
  [4;36;1mSQL (0.2ms)[0m   [0;1mSHOW TABLES[0m
  [4;35;1mSQL (113.7ms)[0m   [0mCREATE TABLE `users` (`id` int(11) DEFAULT NULL auto_increment PRIMARY KEY, `login` varchar(40), `name` varchar(100) DEFAULT '', `email` varchar(100), `crypted_password` varchar(40), `salt` varchar(40), `created_at` datetime, `updated_at` datetime, `remember_token` varchar(40), `remember_token_expires_at` datetime, `activation_code` varchar(40), `activated_at` datetime) ENGINE=InnoDB[0m
  [4;36;1mSQL (0.5ms)[0m   [0;1mSHOW KEYS FROM `users`[0m
  [4;35;1mSQL (267.9ms)[0m   [0mCREATE UNIQUE INDEX `index_users_on_login` ON `users` (`login`)[0m
  [4;36;1mSQL (41.5ms)[0m   [0;1mINSERT INTO schema_migrations (version) VALUES ('20130806200013')[0m
  [4;35;1mSQL (0.3ms)[0m   [0mSHOW TABLES[0m
  [4;36;1mSQL (0.2ms)[0m   [0;1mSELECT version FROM schema_migrations[0m
  [4;35;1mSQL (0.2ms)[0m   [0mSHOW TABLES[0m
  [4;36;1mSQL (0.8ms)[0m   [0;1mSHOW FIELDS FROM `users`[0m
  [4;35;1mSQL (0.7ms)[0m   [0mdescribe `users`[0m
  [4;36;1mSQL (0.2ms)[0m   [0;1mSHOW KEYS FROM `users`[0m
  [4;36;1mSQL (0.1ms)[0m   [0;1mSET NAMES 'utf8'[0m
  [4;35;1mSQL (0.1ms)[0m   [0mSET SQL_AUTO_IS_NULL=0[0m


Processing UsersController#new (for 127.0.0.1 at 2013-08-06 15:49:52) [GET]
  [4;36;1mUser Columns (0.8ms)[0m   [0;1mSHOW FIELDS FROM `users`[0m
Rendering users/new
Completed in 203ms (View: 193, DB: 1) | 200 OK [http://localhost/signup]
